Copyright 1986-2019 Xilinx, Inc. All Rights Reserved.
------------------------------------------------------------------------------------
| Tool Version : Vivado v.2019.1 (win64) Build 2552052 Fri May 24 14:49:42 MDT 2019
| Date         : Mon Apr  1 18:02:50 2024
| Host         : LAPTOP-9MCJAFV3 running 64-bit major release  (build 9200)
| Command      : report_high_fanout_nets -file opt_report_high_fanout_nets_0.rpt
| Design       : func
| Device       : xc7a100t
------------------------------------------------------------------------------------

High Fan-out Nets Information

1. Summary
----------

+-------------------------------------------------+--------+-------------+
| Net Name                                        | Fanout | Driver Type |
+-------------------------------------------------+--------+-------------+
| rst_i_IBUF                                      |     90 | IBUF        |
| cuberoot_inst/mul1_inst/ctr[2]_i_1_n_0          |     35 | LUT3        |
| cuberoot_inst/mul1_inst/FSM_onehot_state_reg[5] |     32 | LUT4        |
| cuberoot_inst/s[2]                              |     29 | FDRE        |
| cuberoot_inst/s[3]                              |     28 | FDRE        |
| cuberoot_inst/s[4]                              |     28 | FDRE        |
| cuberoot_inst/mul1_inst/mult1_busy              |     26 | FDRE        |
| cuberoot_inst/s[1]                              |     24 | FDRE        |
| cuberoot_inst/mul1_inst/ctr[1]                  |     23 | FDRE        |
| root1/state[1]                                  |     23 | FDRE        |
+-------------------------------------------------+--------+-------------+


