Vivado Simulator 2019.1
Time resolution is 1 ps
At time                    0, y = xxxx, busy = x
At time                    5, y = 0000, busy = 0
At time                   25, y = 0000, busy = 1
FUNC_PREPARE
FUNC_WAIT
func SQRT_SET
FUNC_WAIT
func SQRT_WAIT
FUNC_WAIT
func SQRT_WAIT
FUNC_WAIT
func SQRT_WAIT
FUNC_WAIT
func SQRT_WAIT
FUNC_WAIT
func SQRT_WAIT
FUNC_WAIT
func SQRT_WAIT
FUNC_WAIT
func SQRT_WAIT
FUNC_WAIT
func SQRT_WAIT
FUNC_WAIT
func SQRT_WAIT
FUNC_WAIT
func SQRT_WAIT
FUNC_WAIT
func SQRT_WAIT
FUNC_WAIT
func SQRT3_SET
FUNC_WAIT
func SQRT3_WAIT
FUNC_WAIT
func SQRT3_WAIT
FUNC_WAIT
func SQRT3_WAIT
FUNC_WAIT
func SQRT3_WAIT
FUNC_WAIT
func SQRT3_WAIT
FUNC_WAIT
func SQRT3_WAIT
FUNC_WAIT
func SQRT3_WAIT
FUNC_WAIT
func SQRT3_WAIT
FUNC_WAIT
func SQRT3_WAIT
FUNC_WAIT
func SQRT3_WAIT
FUNC_WAIT
func SQRT3_WAIT
FUNC_WAIT
func SQRT3_WAIT
FUNC_WAIT
func SQRT3_WAIT
FUNC_WAIT
func SQRT3_WAIT
FUNC_WAIT
func SQRT3_WAIT
FUNC_WAIT
func SQRT3_WAIT
FUNC_WAIT
func SQRT3_WAIT
FUNC_WAIT
func SQRT3_WAIT
FUNC_WAIT
func SQRT3_WAIT
FUNC_WAIT
func SQRT3_WAIT
FUNC_WAIT
func SQRT3_WAIT
FUNC_WAIT
func SQRT3_WAIT
FUNC_WAIT
func SQRT3_WAIT
FUNC_WAIT
func SQRT3_WAIT
FUNC_WAIT
func SQRT3_WAIT
FUNC_WAIT
func SQRT3_WAIT
FUNC_WAIT
func SQRT3_WAIT
FUNC_WAIT
func SQRT3_WAIT
FUNC_WAIT
func SQRT3_WAIT
FUNC_WAIT
func SQRT3_WAIT
FUNC_WAIT
func SQRT3_WAIT
FUNC_WAIT
func SQRT3_WAIT
FUNC_WAIT
func SQRT3_WAIT
FUNC_WAIT
func SQRT3_WAIT
FUNC_WAIT
func SQRT3_WAIT
FUNC_WAIT
func SQRT3_WAIT
FUNC_WAIT
func SQRT3_WAIT
FUNC_WAIT
func SQRT3_WAIT
FUNC_WAIT
func SQRT3_WAIT
FUNC_WAIT
func SQRT3_WAIT
FUNC_WAIT
func SQRT3_WAIT
FUNC_WAIT
func SQRT3_WAIT
FUNC_WAIT
func SQRT3_WAIT
FUNC_WAIT
func SQRT3_WAIT
FUNC_WAIT
func SQRT3_WAIT
FUNC_WAIT
func SQRT3_WAIT
FUNC_WAIT
func SQRT3_WAIT
FUNC_WAIT
func SQRT3_WAIT
FUNC_WAIT
func SQRT3_WAIT
FUNC_WAIT
func SQRT3_WAIT
FUNC_WAIT
func SQRT3_WAIT
FUNC_WAIT
func SQRT3_WAIT
FUNC_WAIT
func SQRT3_WAIT
FUNC_WAIT
func SQRT3_WAIT
FUNC_WAIT
func SQRT3_WAIT
FUNC_WAIT
func SQRT3_WAIT
FUNC_WAIT
func SQRT3_WAIT
FUNC_WAIT
func SQRT3_WAIT
FUNC_WAIT
func SQRT3_WAIT
FUNC_WAIT
func SQRT3_WAIT
FUNC_WAIT
func SQRT3_WAIT
FUNC_WAIT
func SQRT3_WAIT
FUNC_WAIT
func SQRT3_WAIT
FUNC_WAIT
func SQRT3_WAIT
FUNC_WAIT
func SQRT3_WAIT
FUNC_WAIT
func SQRT3_WAIT
FUNC_WAIT
func SQRT3_WAIT
FUNC_WAIT
func SQRT3_WAIT
FUNC_WAIT
func SQRT3_WAIT
FUNC_WAIT
func SQRT3_WAIT
FUNC_WAIT
func SQRT3_WAIT
FUNC_WAIT
func SQRT3_WAIT
FUNC_WAIT
func SQRT3_WAIT
FUNC_WAIT
func SQRT3_WAIT
FUNC_WAIT
func SQRT3_WAIT
FUNC_WAIT
func SQRT3_WAIT
FUNC_WAIT
func SQRT3_WAIT
FUNC_WAIT
func SQRT3_WAIT
FUNC_WAIT
func SQRT3_WAIT
FUNC_WAIT
func SQRT3_WAIT
FUNC_WAIT
func SQRT3_WAIT
FUNC_WAIT
func SQRT3_WAIT
FUNC_WAIT
func SQRT3_WAIT
FUNC_WAIT
func SQRT3_WAIT
FUNC_WAIT
func SQRT3_WAIT
FUNC_WAIT
func SQRT3_WAIT
FUNC_WAIT
func SQRT3_WAIT
FUNC_WAIT
func SQRT3_WAIT
FUNC_WAIT
func SQRT3_WAIT
FUNC_WAIT
func SQRT3_WAIT
FUNC_WAIT
func SQRT3_WAIT
FUNC_WAIT
func SQRT3_WAIT
FUNC_WAIT
func SQRT3_WAIT
FUNC_WAIT
func SQRT3_WAIT
FUNC_WAIT
func SQRT3_WAIT
FUNC_WAIT
func SQRT3_WAIT
FUNC_WAIT
func SQRT3_WAIT
FUNC_WAIT
func SQRT3_WAIT
FUNC_WAIT
func SQRT3_WAIT
FUNC_WAIT
func SQRT3_WAIT
FUNC_WAIT
func SQRT3_WAIT
FUNC_WAIT
func SQRT3_WAIT
FUNC_WAIT
func SQRT3_WAIT
FUNC_WAIT
func SQRT3_WAIT
FUNC_WAIT
func SQRT3_WAIT
FUNC_WAIT
func SQRT3_WAIT
FUNC_WAIT
func SQRT3_WAIT
FUNC_WAIT
func SQRT3_WAIT
FUNC_WAIT
func SQRT3_WAIT
FUNC_WAIT
func SQRT3_WAIT
FUNC_WAIT
func SQRT3_WAIT
FUNC_WAIT
func SQRT3_WAIT
FUNC_WAIT
func SQRT3_WAIT
FUNC_WAIT
func SQRT3_WAIT
FUNC_WAIT
func SQRT3_WAIT
FUNC_WAIT
func SQRT3_WAIT
FUNC_WAIT
func SQRT3_WAIT
FUNC_WAIT
func SQRT3_WAIT
FUNC_WAIT
func SQRT3_WAIT
FUNC_WAIT
func SQRT3_WAIT
FUNC_WAIT
func SQRT3_WAIT
FUNC_WAIT
func SQRT3_WAIT
FUNC_WAIT
func SQRT3_WAIT
FUNC_WAIT
func SQRT3_WAIT
FUNC_WAIT
func SQRT3_WAIT
FUNC_WAIT
func SQRT3_WAIT
FUNC_WAIT
func SQRT3_WAIT
FUNC_WAIT
func SQRT3_WAIT
FUNC_WAIT
func SQRT3_WAIT
FUNC_WAIT
func SQRT3_WAIT
FUNC_WAIT
func SQRT3_WAIT
FUNC_WAIT
func SQRT3_WAIT
FUNC_WAIT
func SQRT3_WAIT
FUNC_WAIT
func SQRT3_WAIT
FUNC_WAIT
func SQRT3_WAIT
FUNC_WAIT
func SQRT3_WAIT
FUNC_WAIT
func SQRT3_WAIT
FU