INFO: [VRFC 10-2263] Analyzing Verilog file "C:/Users/199-4/lab2_5/lab2_5.srcs/sources_1/new/bist.v" into library xil_defaultlib
INFO: [VRFC 10-311] analyzing module bist
INFO: [VRFC 10-2263] Analyzing Verilog file "C:/Users/199-4/lab2_5/lab2_5.srcs/sources_1/new/button.v" into library xil_defaultlib
INFO: [VRFC 10-311] analyzing module button
INFO: [VRFC 10-2263] Analyzing Verilog file "C:/Users/199-4/lab2_5/lab2_5.srcs/sources_1/new/crc8.v" into library xil_defaultlib
INFO: [VRFC 10-311] analyzing module crc8
INFO: [VRFC 10-2263] Analyzing Verilog file "C:/Users/199-4/lab2_5/lab2_5.srcs/sources_1/new/cuberoot.v" into library xil_defaultlib
INFO: [VRFC 10-311] analyzing module cuberoot
INFO: [VRFC 10-2263] Analyzing Verilog file "C:/Users/199-4/lab2_5/lab2_5.srcs/sources_1/new/func.v" into library xil_defaultlib
INFO: [VRFC 10-311] analyzing module func
INFO: [VRFC 10-2263] Analyzing Verilog file "C:/Users/199-4/lab2_5/lab2_5.srcs/sources_1/new/lfsr1.v" into library xil_defaultlib
INFO: [VRFC 10-311] analyzing module lfsr1
INFO: [VRFC 10-2263] Analyzing Verilog file "C:/Users/199-4/lab2_5/lab2_5.srcs/sources_1/new/lfsr2.v" into library xil_defaultlib
INFO: [VRFC 10-311] analyzing module lfsr2
INFO: [VRFC 10-2263] Analyzing Verilog file "C:/Users/199-4/lab2_5/lab2_5.srcs/sources_1/new/multer.v" into library xil_defaultlib
INFO: [VRFC 10-311] analyzing module multer
INFO: [VRFC 10-2263] Analyzing Verilog file "C:/Users/199-4/lab2_5/lab2_5.srcs/sources_1/new/root.v" into library xil_defaultlib
INFO: [VRFC 10-311] analyzing module root
INFO: [VRFC 10-2263] Analyzing Verilog file "C:/Users/199-4/lab2_5/lab2_5.srcs/sim_1/new/bist_testmode_tb.v" into library xil_defaultlib
INFO: [VRFC 10-311] analyzing module bist_testmode_tb
